
time step:0.1, total neurons=7, total synapses=18

internal random seed enable!
repeats=1,each repeat random seed= 4209736478

population information:-------------------------------------------
-------------------------------------------
neuron:0
ActCtr=239 Vth=-50mv El=-70mv g=0.025uS Cm=0.5nF Vreset=-55mv df=0.995012 ef=0.0997508 dVmax=400.999mv
AMPA df=0.951229 Vrev=0mV GABA df=0.980199 Vrev=-90mV
NMDA dfxt=0.951229 dfst=0.999 efst=0.099951 Vrev=0mV as=0.6332 mg=1
ACH df=0.980199 Vrev=-90mV GCL df=0.1 Vrev=-90mV
LIF: RfPed=1.9ms SpiDy=0ms
noise parameters:
Injection current:mean=0 stddev=0
Ext AMPA:prob=0,g=10.5
Ext GABA:prob=0,g=0
Ext Ach:prob=0,g=0
Ext GluCl:prob=0,g=0
Ext NMDA:prob=0,g=0
-------------------------------------------
neuron:1
ActCtr=239 Vth=-50mv El=-70mv g=0.025uS Cm=0.5nF Vreset=-55mv df=0.995012 ef=0.0997508 dVmax=400.999mv
AMPA df=0.951229 Vrev=0mV GABA df=0.980199 Vrev=-90mV
NMDA dfxt=0.951229 dfst=0.999 efst=0.099951 Vrev=0mV as=0.6332 mg=1
ACH df=0.980199 Vrev=-90mV GCL df=0.1 Vrev=-90mV
LIF: RfPed=1.9ms SpiDy=0ms
noise parameters:
Injection current:mean=0 stddev=0
Ext AMPA:prob=0,g=10.5
Ext GABA:prob=0,g=0
Ext Ach:prob=0,g=0
Ext GluCl:prob=0,g=0
Ext NMDA:prob=0,g=0
-------------------------------------------
neuron:2
ActCtr=239 Vth=-50mv El=-70mv g=0.025uS Cm=0.5nF Vreset=-55mv df=0.995012 ef=0.0997508 dVmax=400.999mv
AMPA df=0.951229 Vrev=0mV GABA df=0.980199 Vrev=-90mV
NMDA dfxt=0.951229 dfst=0.999 efst=0.099951 Vrev=0mV as=0.6332 mg=1
ACH df=0.980199 Vrev=-90mV GCL df=0.1 Vrev=-90mV
LIF: RfPed=1.9ms SpiDy=0ms
noise parameters:
Injection current:mean=0 stddev=0
Ext AMPA:prob=0,g=10.5
Ext GABA:prob=0,g=0
Ext Ach:prob=0,g=0
Ext GluCl:prob=0,g=0
Ext NMDA:prob=0,g=0
-------------------------------------------
neuron:3
ActCtr=239 Vth=-50mv El=-70mv g=0.025uS Cm=0.5nF Vreset=-55mv df=0.995012 ef=0.0997508 dVmax=400.999mv
AMPA df=0.951229 Vrev=0mV GABA df=0.980199 Vrev=-90mV
NMDA dfxt=0.951229 dfst=0.999 efst=0.099951 Vrev=0mV as=0.6332 mg=1
ACH df=0.980199 Vrev=-90mV GCL df=0.1 Vrev=-90mV
LIF: RfPed=1.9ms SpiDy=0ms
noise parameters:
Injection current:mean=0 stddev=0
Ext AMPA:prob=0,g=10.5
Ext GABA:prob=0,g=0
Ext Ach:prob=0,g=0
Ext GluCl:prob=0,g=0
Ext NMDA:prob=0,g=0
-------------------------------------------
neuron:4
ActCtr=239 Vth=-50mv El=-70mv g=0.025uS Cm=0.5nF Vreset=-55mv df=0.995012 ef=0.0997508 dVmax=400.999mv
AMPA df=0.951229 Vrev=0mV GABA df=0.980199 Vrev=-90mV
NMDA dfxt=0.951229 dfst=0.999 efst=0.099951 Vrev=0mV as=0.6332 mg=1
ACH df=0.980199 Vrev=-90mV GCL df=0.1 Vrev=-90mV
LIF: RfPed=1.9ms SpiDy=0ms
noise parameters:
Injection current:mean=0 stddev=0
Ext AMPA:prob=0,g=10.5
Ext GABA:prob=0,g=0
Ext Ach:prob=0,g=0
Ext GluCl:prob=0,g=0
Ext NMDA:prob=0,g=0
-------------------------------------------
neuron:5
ActCtr=239 Vth=-50mv El=-70mv g=0.025uS Cm=0.5nF Vreset=-55mv df=0.995012 ef=0.0997508 dVmax=400.999mv
AMPA df=0.951229 Vrev=0mV GABA df=0.980199 Vrev=-90mV
NMDA dfxt=0.951229 dfst=0.999 efst=0.099951 Vrev=0mV as=0.6332 mg=1
ACH df=0.980199 Vrev=-90mV GCL df=0.1 Vrev=-90mV
LIF: RfPed=1.9ms SpiDy=0ms
noise parameters:
Injection current:mean=0 stddev=0
Ext AMPA:prob=0,g=10.5
Ext GABA:prob=0,g=0
Ext Ach:prob=0,g=0
Ext GluCl:prob=0,g=0
Ext NMDA:prob=0,g=0
-------------------------------------------
neuron:6
ActCtr=239 Vth=-50mv El=-70mv g=0.025uS Cm=0.5nF Vreset=-55mv df=0.995012 ef=0.0997508 dVmax=400.999mv
AMPA df=0.951229 Vrev=0mV GABA df=0.980199 Vrev=-90mV
NMDA dfxt=0.951229 dfst=0.999 efst=0.099951 Vrev=0mV as=0.6332 mg=1
ACH df=0.980199 Vrev=-90mV GCL df=0.1 Vrev=-90mV
LIF: RfPed=1.9ms SpiDy=0ms
noise parameters:
Injection current:mean=0 stddev=0
Ext AMPA:prob=0,g=10.5
Ext GABA:prob=0,g=0
Ext Ach:prob=0,g=0
Ext GluCl:prob=0,g=0
Ext NMDA:prob=0,g=0

synapse connection information----------------------------------
SynAMPA1:Num;PreID,PosID,g;PreID,PosID,g...
SynAMPA1:12;1,0,30
;2,0,45;0,1,30;3,1,45;0,4,50;1,4,50;0,5,30;1,5,0;2,5,45;0,6,0;1,6,30
;3,6,45
SynGABA1:Num;PreID,PosID,g;PreID,PosID,g...
SynGABA1:6;5,0,60;6,0,0;5,1,0;6,1,60;6,5,30;5,6,30

time event information:-------------------------------------------
Event Time=0.002, type:CurrentInjec, Target population:1, Receptor:0, Variable1=3.9, Variable2=0
Event Time=0.002, type:CurrentInjec, Target population:4, Receptor:0, Variable1=-0.4, Variable2=0
Event Time=0.002, type:CurrentInjec, Target population:5, Receptor:0, Variable1=3.8, Variable2=0
Event Time=0.002, type:CurrentInjec, Target population:6, Receptor:0, Variable1=3.8, Variable2=0
Event Time=0.002, type:CurrentInjec, Target population:0, Receptor:0, Variable1=3.9, Variable2=0
Event Time=0.1, type:CurrentInjec, Target population:2, Receptor:0, Variable1=1, Variable2=0
Event Time=0.1, type:CurrentInjec, Target population:3, Receptor:0, Variable1=1, Variable2=0
Event Time=1.1, type:CurrentInjec, Target population:2, Receptor:0, Variable1=0, Variable2=0
Event Time=1.1, type:CurrentInjec, Target population:3, Receptor:0, Variable1=0, Variable2=0
Event Time=1.6, type:CurrentInjec, Target population:2, Receptor:0, Variable1=1, Variable2=0
Event Time=1.6, type:CurrentInjec, Target population:3, Receptor:0, Variable1=0.7, Variable2=0
Event Time=2.6, type:CurrentInjec, Target population:2, Receptor:0, Variable1=0, Variable2=0
Event Time=2.6, type:CurrentInjec, Target population:3, Receptor:0, Variable1=0, Variable2=0
Event Time=3.1, type:CurrentInjec, Target population:2, Receptor:0, Variable1=0.7, Variable2=0
Event Time=3.1, type:CurrentInjec, Target population:3, Receptor:0, Variable1=1, Variable2=0
Event Time=4.1, type:CurrentInjec, Target population:2, Receptor:0, Variable1=0, Variable2=0
Event Time=4.1, type:CurrentInjec, Target population:3, Receptor:0, Variable1=0, Variable2=0
Event Time=5.6, Target population:0, Receptor:0, Variable1=0, Variable2=0

output files information:-----------------------------------------
Output File Name:Frate.txt, Type:FiringRate
Population:0, 
1, 2, 3, 4, 5, 6, 
FiringRateWinodw=50ms PrintStep=10ms
1:Time 2:NID=0 3:NID=1 4:NID=2 5:NID=3 6:NID=4 7:NID=5 8:NID=6

Output File Name:MemPot.dat, Type:MemPot
Population:0, 
1, 2, 3, 4, 5, 6, 
1:Time 2:NID=0 3:NID=1 4:NID=2 5:NID=3 6:NID=4 7:NID=5 8:NID=6

