
time step:0.01, total neurons=4, total synapses=12

internal random seed enable!
repeats=1,each repeat random seed= 2521153774

population information:-------------------------------------------
-------------------------------------------
neuron:0
ActCtr=239 Vth=-50mv El=-70mv g=0.025uS Cm=0.5nF Vreset=-55mv df=0.9995 ef=0.00999808 dVmax=4000.77mv
AMPA df=0.995012 Vrev=0mV GABA df=0.998002 Vrev=-90mV
NMDA dfxt=0.995012 dfst=0.9999 efst=0.0100017 Vrev=0mV as=0.6332 mg=1
ACH df=0.998002 Vrev=-90mV GCL df=0.1 Vrev=-90mV
LIF: RfPed=1.81ms SpiDy=0ms
noise parameters:
Injection current:mean=0 stddev=0
Ext AMPA:prob=0,g=10.5
Ext GABA:prob=0,g=0
Ext Ach:prob=0,g=0
Ext GluCl:prob=0,g=0
Ext NMDA:prob=0,g=0
-------------------------------------------
neuron:1
ActCtr=239 Vth=-50mv El=-70mv g=0.025uS Cm=0.5nF Vreset=-55mv df=0.9995 ef=0.00999808 dVmax=4000.77mv
AMPA df=0.995012 Vrev=0mV GABA df=0.998002 Vrev=-90mV
NMDA dfxt=0.995012 dfst=0.9999 efst=0.0100017 Vrev=0mV as=0.6332 mg=1
ACH df=0.998002 Vrev=-90mV GCL df=0.1 Vrev=-90mV
LIF: RfPed=1.81ms SpiDy=0ms
noise parameters:
Injection current:mean=0 stddev=0
Ext AMPA:prob=0,g=10.5
Ext GABA:prob=0,g=0
Ext Ach:prob=0,g=0
Ext GluCl:prob=0,g=0
Ext NMDA:prob=0,g=0
-------------------------------------------
neuron:2
ActCtr=239 Vth=-50mv El=-70mv g=0.025uS Cm=0.5nF Vreset=-55mv df=0.9995 ef=0.00999808 dVmax=4000.77mv
AMPA df=0.995012 Vrev=0mV GABA df=0.998002 Vrev=-90mV
NMDA dfxt=0.995012 dfst=0.9999 efst=0.0100017 Vrev=0mV as=0.6332 mg=1
ACH df=0.998002 Vrev=-90mV GCL df=0.1 Vrev=-90mV
LIF: RfPed=1.81ms SpiDy=0ms
noise parameters:
Injection current:mean=0 stddev=0
Ext AMPA:prob=0,g=10.5
Ext GABA:prob=0,g=0
Ext Ach:prob=0,g=0
Ext GluCl:prob=0,g=0
Ext NMDA:prob=0,g=0
-------------------------------------------
neuron:3
ActCtr=239 Vth=-50mv El=-70mv g=0.025uS Cm=0.5nF Vreset=-55mv df=0.9995 ef=0.00999808 dVmax=4000.77mv
AMPA df=0.995012 Vrev=0mV GABA df=0.998002 Vrev=-90mV
NMDA dfxt=0.995012 dfst=0.9999 efst=0.0100017 Vrev=0mV as=0.6332 mg=1
ACH df=0.998002 Vrev=-90mV GCL df=0.1 Vrev=-90mV
LIF: RfPed=1.81ms SpiDy=0ms
noise parameters:
Injection current:mean=0 stddev=0
Ext AMPA:prob=0,g=10.5
Ext GABA:prob=0,g=0
Ext Ach:prob=0,g=0
Ext GluCl:prob=0,g=0
Ext NMDA:prob=0,g=0

synapse connection information----------------------------------
SynAMPA1:Num;PreID,PosID,g;PreID,PosID,g...
SynAMPA1:6;1,0,140
;0,1,140;0,2,50;1,2,50;0,3,50;1,3,50
SynGABA1:Num;PreID,PosID,g;PreID,PosID,g...
SynGABA1:6;2,0,30;3,0,30;2,1,30;3,1,30;3,2,70
;2,3,70

time event information:-------------------------------------------
Event Time=0.001, type:CurrentInjec, Target population:0, Receptor:0, Variable1=2, Variable2=0
Event Time=0.001, type:CurrentInjec, Target population:1, Receptor:0, Variable1=2, Variable2=0
Event Time=0.001, type:CurrentInjec, Target population:2, Receptor:0, Variable1=1, Variable2=0
Event Time=0.101, type:CurrentInjec, Target population:0, Receptor:0, Variable1=0, Variable2=0
Event Time=0.101, type:CurrentInjec, Target population:1, Receptor:0, Variable1=0, Variable2=0
Event Time=0.101, type:CurrentInjec, Target population:2, Receptor:0, Variable1=0, Variable2=0
Event Time=1, type:CurrentInjec, Target population:3, Receptor:0, Variable1=1, Variable2=0
Event Time=1.1, type:CurrentInjec, Target population:3, Receptor:0, Variable1=0, Variable2=0
Event Time=1.5, Target population:0, Receptor:0, Variable1=0, Variable2=0

output files information:-----------------------------------------
Output File Name:Frate.txt, Type:FiringRate
Population:0, 
1, 2, 3, 
FiringRateWinodw=50ms PrintStep=10ms
1:Time 2:NID=0 3:NID=1 4:NID=2 5:NID=3

Output File Name:MemPot.dat, Type:MemPot
Population:0, 
1, 2, 3, 
1:Time 2:NID=0 3:NID=1 4:NID=2 5:NID=3

