configuration information:----------------------------------------
population:0
NeuPopuName:exc_1, N=1 Taum=20 Vth=-50 El=-70 g=2.5e-09 Cm=0.5 Vreset=-55
Vrsting_ca=0 Alpha_ca=0 Tau_ca=0 Eff_ca=0 STDeP=0 STDeTau=0
 pv=0.6 tD=300 aF=0.0035 tF=7000 aCap=250 tCap=2 aCar=0.1 tCar=2000
NeuRepName:AMPA, Tau=2 Vrv=0 FExt=0 MnExtEff=10.5 MnExtCon=1
NeuRepName:NMDA, Tau=100, TauXT=2 Vrv=0 FExt=0 MnExtEff=0 MnExtCon=0
NeuRepName:GABA, Tau=5 Vrv=-90 FExt=0 MnExtEff=0 MnExtCon=0
NeuRepName:Ach, Tau=20 Vrv=0 FExt=0 MnExtEff=3.11628 MnExtCon=1
NeuRepName:Ach, Tau=5 Vrv=-90 FExt=0 MnExtEff=0 MnExtCon=0

TarPopuName:exc_2 TarReceptor:AMPA, Connectivity=1 MeanEff=50 weight=1
TarPopuName:inh_1 TarReceptor:AMPA, Connectivity=1 MeanEff=1 weight=20
TarPopuName:inh_2 TarReceptor:AMPA, Connectivity=1 MeanEff=1 weight=25
------------------------------------------------------------------
population:1
NeuPopuName:exc_2, N=1 Taum=20 Vth=-50 El=-70 g=2.5e-09 Cm=0.5 Vreset=-55
Vrsting_ca=0 Alpha_ca=0 Tau_ca=0 Eff_ca=0 STDeP=0 STDeTau=0
 pv=0.6 tD=300 aF=0.0035 tF=7000 aCap=250 tCap=2 aCar=0.1 tCar=2000
NeuRepName:AMPA, Tau=2 Vrv=0 FExt=0 MnExtEff=10.5 MnExtCon=1
NeuRepName:NMDA, Tau=100, TauXT=2 Vrv=0 FExt=0 MnExtEff=0 MnExtCon=0
NeuRepName:GABA, Tau=5 Vrv=-90 FExt=0 MnExtEff=0 MnExtCon=0
NeuRepName:Ach, Tau=20 Vrv=0 FExt=0 MnExtEff=3.11628 MnExtCon=1
NeuRepName:Ach, Tau=5 Vrv=-90 FExt=0 MnExtEff=0 MnExtCon=0

TarPopuName:exc_1 TarReceptor:AMPA, Connectivity=1 MeanEff=50 weight=1
------------------------------------------------------------------
population:2
NeuPopuName:inh_1, N=1 Taum=20 Vth=-50 El=-70 g=2.5e-09 Cm=0.5 Vreset=-55
Vrsting_ca=0 Alpha_ca=0 Tau_ca=0 Eff_ca=0 STDeP=0 STDeTau=0
 pv=0.6 tD=300 aF=0.0035 tF=7000 aCap=250 tCap=2 aCar=0.1 tCar=2000
NeuRepName:AMPA, Tau=2 Vrv=0 FExt=0 MnExtEff=10.5 MnExtCon=1
NeuRepName:NMDA, Tau=100, TauXT=2 Vrv=0 FExt=0 MnExtEff=0 MnExtCon=0
NeuRepName:GABA, Tau=5 Vrv=-90 FExt=0 MnExtEff=0 MnExtCon=0
NeuRepName:Ach, Tau=20 Vrv=0 FExt=0 MnExtEff=3.11628 MnExtCon=1
NeuRepName:Ach, Tau=5 Vrv=-90 FExt=0 MnExtEff=0 MnExtCon=0

TarPopuName:exc_2 TarReceptor:GABA, Connectivity=1 MeanEff=4000 weight=1
TarPopuName:inh_2 TarReceptor:GABA, Connectivity=1 MeanEff=70 weight=1
------------------------------------------------------------------
population:3
NeuPopuName:inh_2, N=1 Taum=80 Vth=-50 El=-70 g=2.5e-09 Cm=1 Vreset=-55
Vrsting_ca=0 Alpha_ca=0 Tau_ca=0 Eff_ca=0 STDeP=0 STDeTau=0
 pv=0.6 tD=300 aF=0.0035 tF=7000 aCap=250 tCap=2 aCar=0.1 tCar=2000
NeuRepName:AMPA, Tau=2 Vrv=0 FExt=0 MnExtEff=10.5 MnExtCon=1
NeuRepName:NMDA, Tau=100, TauXT=2 Vrv=0 FExt=0 MnExtEff=0 MnExtCon=0
NeuRepName:GABA, Tau=5 Vrv=-90 FExt=0 MnExtEff=0 MnExtCon=0
NeuRepName:Ach, Tau=20 Vrv=0 FExt=0 MnExtEff=3.11628 MnExtCon=1
NeuRepName:Ach, Tau=5 Vrv=-90 FExt=0 MnExtEff=0 MnExtCon=0

TarPopuName:inh_1 TarReceptor:GABA, Connectivity=1 MeanEff=1 weight=30
------------------------------------------------------------------
