
time step:0.1, total neurons=8, total synapses=10

internal random seed enable!
repeats=1,each repeat random seed= 232254413

population information:-------------------------------------------
-------------------------------------------
neuron:0
ActCtr=239 Vth=-50mv El=-70mv g=0.025uS Cm=0.5nF Vreset=-55mv df=0.995012 ef=0.0997508 dVmax=400.999mv
AMPA df=0.951229 Vrev=0mV GABA df=0.980199 Vrev=-90mV
NMDA dfxt=0.1 dfst=0.1 efst=0.01 Vrev=0mV as=0.6332 mg=1
ACH df=0.1 Vrev=0mV GCL df=0.1 Vrev=-90mV
LIF: RfPed=5.1ms SpiDy=0ms
noise parameters:
Injection current:mean=0 stddev=0
Ext AMPA:prob=0,g=0
Ext GABA:prob=0,g=0
Ext Ach:prob=0,g=0
Ext GluCl:prob=0,g=0
Ext NMDA:prob=0,g=0
-------------------------------------------
neuron:1
ActCtr=239 Vth=-50mv El=-70mv g=0.025uS Cm=0.5nF Vreset=-55mv df=0.995012 ef=0.0997508 dVmax=400.999mv
AMPA df=0.951229 Vrev=0mV GABA df=0.980199 Vrev=-90mV
NMDA dfxt=0.1 dfst=0.1 efst=0.01 Vrev=0mV as=0.6332 mg=1
ACH df=0.1 Vrev=0mV GCL df=0.1 Vrev=-90mV
LIF: RfPed=5.1ms SpiDy=0ms
noise parameters:
Injection current:mean=0 stddev=0
Ext AMPA:prob=0,g=0
Ext GABA:prob=0,g=0
Ext Ach:prob=0,g=0
Ext GluCl:prob=0,g=0
Ext NMDA:prob=0,g=0
-------------------------------------------
neuron:2
ActCtr=239 Vth=-50mv El=-70mv g=0.025uS Cm=0.5nF Vreset=-55mv df=0.995012 ef=0.0997508 dVmax=400.999mv
AMPA df=0.951229 Vrev=0mV GABA df=0.980199 Vrev=-90mV
NMDA dfxt=0.1 dfst=0.1 efst=0.01 Vrev=0mV as=0.6332 mg=1
ACH df=0.1 Vrev=0mV GCL df=0.1 Vrev=-90mV
LIF: RfPed=1.9ms SpiDy=0ms
noise parameters:
Injection current:mean=0 stddev=0
Ext AMPA:prob=0,g=0
Ext GABA:prob=0,g=0
Ext Ach:prob=0,g=0
Ext GluCl:prob=0,g=0
Ext NMDA:prob=0,g=0
-------------------------------------------
neuron:3
ActCtr=239 Vth=-50mv El=-70mv g=0.025uS Cm=0.5nF Vreset=-55mv df=0.995012 ef=0.0997508 dVmax=400.999mv
AMPA df=0.951229 Vrev=0mV GABA df=0.980199 Vrev=-90mV
NMDA dfxt=0.1 dfst=0.1 efst=0.01 Vrev=0mV as=0.6332 mg=1
ACH df=0.1 Vrev=0mV GCL df=0.1 Vrev=-90mV
LIF: RfPed=1.9ms SpiDy=0ms
noise parameters:
Injection current:mean=0 stddev=0
Ext AMPA:prob=0,g=0
Ext GABA:prob=0,g=0
Ext Ach:prob=0,g=0
Ext GluCl:prob=0,g=0
Ext NMDA:prob=0,g=0
-------------------------------------------
neuron:4
ActCtr=239 Vth=-50mv El=-70mv g=0.025uS Cm=0.5nF Vreset=-55mv df=0.995012 ef=0.0997508 dVmax=400.999mv
AMPA df=0.951229 Vrev=0mV GABA df=0.980199 Vrev=-90mV
NMDA dfxt=0.1 dfst=0.1 efst=0.01 Vrev=0mV as=0.6332 mg=1
ACH df=0.1 Vrev=0mV GCL df=0.1 Vrev=-90mV
LIF: RfPed=1.9ms SpiDy=0ms
noise parameters:
Injection current:mean=0 stddev=0
Ext AMPA:prob=0,g=0
Ext GABA:prob=0,g=0
Ext Ach:prob=0,g=0
Ext GluCl:prob=0,g=0
Ext NMDA:prob=0,g=0
-------------------------------------------
neuron:5
ActCtr=239 Vth=-50mv El=-70mv g=0.025uS Cm=0.5nF Vreset=-55mv df=0.995012 ef=0.0997508 dVmax=400.999mv
AMPA df=0.951229 Vrev=0mV GABA df=0.980199 Vrev=-90mV
NMDA dfxt=0.1 dfst=0.1 efst=0.01 Vrev=0mV as=0.6332 mg=1
ACH df=0.1 Vrev=0mV GCL df=0.1 Vrev=-90mV
LIF: RfPed=1.9ms SpiDy=0ms
noise parameters:
Injection current:mean=0 stddev=0
Ext AMPA:prob=0,g=0
Ext GABA:prob=0,g=0
Ext Ach:prob=0,g=0
Ext GluCl:prob=0,g=0
Ext NMDA:prob=0,g=0
-------------------------------------------
neuron:6
ActCtr=239 Vth=-50mv El=-70mv g=0.025uS Cm=0.5nF Vreset=-55mv df=0.995012 ef=0.0997508 dVmax=400.999mv
AMPA df=0.951229 Vrev=0mV GABA df=0.980199 Vrev=-90mV
NMDA dfxt=0.1 dfst=0.1 efst=0.01 Vrev=0mV as=0.6332 mg=1
ACH df=0.1 Vrev=0mV GCL df=0.1 Vrev=-90mV
LIF: RfPed=5.1ms SpiDy=0ms
noise parameters:
Injection current:mean=0 stddev=0
Ext AMPA:prob=0,g=0
Ext GABA:prob=0,g=0
Ext Ach:prob=0,g=0
Ext GluCl:prob=0,g=0
Ext NMDA:prob=0,g=0
-------------------------------------------
neuron:7
ActCtr=239 Vth=-50mv El=-70mv g=0.025uS Cm=0.5nF Vreset=-50.1mv df=0.995012 ef=0.0997508 dVmax=400.999mv
AMPA df=0.995012 Vrev=0mV GABA df=0.1 Vrev=-90mV
NMDA dfxt=0.1 dfst=0.1 efst=0.01 Vrev=0mV as=0.6332 mg=1
ACH df=0.1 Vrev=0mV GCL df=0.1 Vrev=-90mV
LIF: RfPed=5.1ms SpiDy=0ms
noise parameters:
Injection current:mean=0 stddev=0
Ext AMPA:prob=0,g=0
Ext GABA:prob=0,g=0
Ext Ach:prob=0,g=0
Ext GluCl:prob=0,g=0
Ext NMDA:prob=0,g=0

synapse connection information----------------------------------
SynAMPA1:Num;PreID,PosID,g;PreID,PosID,g...
SynAMPA1:8;0,2,45
;4,2,30;1,3,45;5,3,30;0,4,45;1,5,45;2,6,50;3,6,50
SynGABA1:Num;PreID,PosID,g;PreID,PosID,g...
SynGABA1:2;5,2,54;4,3,54

time event information:-------------------------------------------
Event Time=0.002, type:CurrentInjec, Target population:6, Receptor:0, Variable1=0.5, Variable2=0
Event Time=0.002, type:CurrentInjec, Target population:2, Receptor:0, Variable1=2.75, Variable2=0
Event Time=0.002, type:CurrentInjec, Target population:3, Receptor:0, Variable1=2.75, Variable2=0
Event Time=0.002, type:CurrentInjec, Target population:4, Receptor:0, Variable1=4.75, Variable2=0
Event Time=0.002, type:CurrentInjec, Target population:5, Receptor:0, Variable1=4.75, Variable2=0
Event Time=0.002, type:CurrentInjec, Target population:7, Receptor:0, Variable1=0.1, Variable2=0
Event Time=0.8, type:CurrentInjec, Target population:0, Receptor:0, Variable1=1.2, Variable2=1
Event Time=0.8, type:CurrentInjec, Target population:1, Receptor:0, Variable1=1.2, Variable2=1
Event Time=1.6, type:CurrentInjec, Target population:0, Receptor:0, Variable1=0, Variable2=0
Event Time=1.6, type:CurrentInjec, Target population:1, Receptor:0, Variable1=0, Variable2=0
Event Time=2.4, type:CurrentInjec, Target population:0, Receptor:0, Variable1=1.2, Variable2=1
Event Time=2.41, type:CurrentInjec, Target population:1, Receptor:0, Variable1=1.2, Variable2=1
Event Time=3.2, type:CurrentInjec, Target population:0, Receptor:0, Variable1=0, Variable2=0
Event Time=3.2, type:CurrentInjec, Target population:1, Receptor:0, Variable1=0, Variable2=0
Event Time=4, type:CurrentInjec, Target population:1, Receptor:0, Variable1=1.2, Variable2=1
Event Time=4.01, type:CurrentInjec, Target population:0, Receptor:0, Variable1=1.2, Variable2=1
Event Time=4.8, type:CurrentInjec, Target population:0, Receptor:0, Variable1=0, Variable2=0
Event Time=4.8, type:CurrentInjec, Target population:1, Receptor:0, Variable1=0, Variable2=0
Event Time=5.6, type:CurrentInjec, Target population:0, Receptor:0, Variable1=0, Variable2=0
Event Time=5.61, type:CurrentInjec, Target population:1, Receptor:0, Variable1=0, Variable2=0
Event Time=6.4, type:CurrentInjec, Target population:0, Receptor:0, Variable1=0, Variable2=0
Event Time=6.4, type:CurrentInjec, Target population:1, Receptor:0, Variable1=0, Variable2=0
Event Time=6.5, Target population:0, Receptor:0, Variable1=0, Variable2=0

output files information:-----------------------------------------
Output File Name:MemPot.dat, Type:MemPot
Population:0, 
1, 2, 3, 4, 5, 6, 7, 
1:Time 2:NID=0 3:NID=1 4:NID=2 5:NID=3 6:NID=4 7:NID=5 8:NID=6 9:NID=7

Output File Name:SpikeALL.dat, Type:Spike
Population:0, 
1, 2, 3, 4, 5, 6, 7, 

Output File Name:FiringRateALL.dat, Type:FiringRate
Population:0, 
1, 2, 3, 4, 5, 6, 7, 
FiringRateWinodw=50ms PrintStep=10ms
1:Time 2:NID=0 3:NID=1 4:NID=2 5:NID=3 6:NID=4 7:NID=5 8:NID=6 9:NID=7

